Base path: 'C:/Program Files/Unity/Hub/Editor/2019.4.18f1/Editor/Data', plugins path 'C:/Program Files/Unity/Hub/Editor/2019.4.18f1/Editor/Data/PlaybackEngines'
Cmd: initializeCompiler
Cmd: compileSnippet
  api=4 type=0 insize=2364 outsize=1522 kw=_NORMALMAP _METALLICSPECGLOSSMAP _MIXED_LIGHTING_SUBTRACTIVE pd=UNITY_ENABLE_REFLECTION_BUFFERS UNITY_NO_SCREENSPACE_SHADOWS UNITY_PBS_USE_BRDF3 SHADER_API_DESKTOP UNITY_LIGHTMAP_FULL_HDR ok=1
Cmd: compileSnippet
  api=4 type=0 insize=2364 outsize=1686 kw=_MAIN_LIGHT_SHADOWS _MAIN_LIGHT_SHADOWS_CASCADE _ADDITIONAL_LIGHTS _METALLICSPECGLOSSMAP _ADDITIONAL_LIGHT_SHADOWS _MIXED_LIGHTING_SUBTRACTIVE pd=UNITY_ENABLE_REFLECTION_BUFFERS UNITY_NO_SCREENSPACE_SHADOWS UNITY_PBS_USE_BRDF3 SHADER_API_DESKTOP UNITY_LIGHTMAP_FULL_HDR ok=1
Cmd: compileSnippet
  api=4 type=0 insize=2364 outsize=1686 kw=_MAIN_LIGHT_SHADOWS _MAIN_LIGHT_SHADOWS_CASCADE _ADDITIONAL_LIGHTS _ALPHAPREMULTIPLY_ON _MIXED_LIGHTING_SUBTRACTIVE pd=UNITY_ENABLE_REFLECTION_BUFFERS UNITY_NO_SCREENSPACE_SHADOWS UNITY_PBS_USE_BRDF3 SHADER_API_DESKTOP UNITY_LIGHTMAP_FULL_HDR ok=1
Cmd: compileSnippet
  api=4 type=0 insize=2364 outsize=1578 kw=_MAIN_LIGHT_SHADOWS _MAIN_LIGHT_SHADOWS_CASCADE _SHADOWS_SOFT _NORMALMAP _METALLICSPECGLOSSMAP pd=UNITY_ENABLE_REFLECTION_BUFFERS UNITY_NO_SCREENSPACE_SHADOWS UNITY_PBS_USE_BRDF3 SHADER_API_DESKTOP UNITY_LIGHTMAP_FULL_HDR ok=1
Cmd: compileSnippet
  api=4 type=0 insize=2364 outsize=1882 kw=_MAIN_LIGHT_SHADOWS _SHADOWS_SOFT _ADDITIONAL_LIGHTS _ALPHAPREMULTIPLY_ON _ADDITIONAL_LIGHT_SHADOWS _MIXED_LIGHTING_SUBTRACTIVE pd=UNITY_ENABLE_REFLECTION_BUFFERS UNITY_NO_SCREENSPACE_SHADOWS UNITY_PBS_USE_BRDF3 SHADER_API_DESKTOP UNITY_LIGHTMAP_FULL_HDR ok=1
Cmd: compileSnippet
  api=4 type=0 insize=2364 outsize=1774 kw=_MAIN_LIGHT_SHADOWS _ADDITIONAL_LIGHTS _NORMALMAP _METALLICSPECGLOSSMAP _OCCLUSIONMAP _ADDITIONAL_LIGHT_SHADOWS pd=UNITY_ENABLE_REFLECTION_BUFFERS UNITY_NO_SCREENSPACE_SHADOWS UNITY_PBS_USE_BRDF3 SHADER_API_DESKTOP UNITY_LIGHTMAP_FULL_HDR ok=1
Cmd: compileSnippet
  api=4 type=0 insize=2364 outsize=1882 kw=_MAIN_LIGHT_SHADOWS _SHADOWS_SOFT _ADDITIONAL_LIGHTS _ALPHAPREMULTIPLY_ON pd=UNITY_ENABLE_REFLECTION_BUFFERS UNITY_NO_SCREENSPACE_SHADOWS UNITY_PBS_USE_BRDF3 SHADER_API_DESKTOP UNITY_LIGHTMAP_FULL_HDR ok=1
Cmd: compileSnippet
  api=4 type=0 insize=2364 outsize=1718 kw=_MAIN_LIGHT_SHADOWS _SHADOWS_SOFT _NORMALMAP _METALLICSPECGLOSSMAP _OCCLUSIONMAP pd=UNITY_ENABLE_REFLECTION_BUFFERS UNITY_NO_SCREENSPACE_SHADOWS UNITY_PBS_USE_BRDF3 SHADER_API_DESKTOP UNITY_LIGHTMAP_FULL_HDR ok=1
Cmd: compileSnippet
  api=4 type=0 insize=2364 outsize=1578 kw=_SHADOWS_SOFT _ADDITIONAL_LIGHTS _NORMALMAP _METALLICSPECGLOSSMAP _ADDITIONAL_LIGHT_SHADOWS _MIXED_LIGHTING_SUBTRACTIVE pd=UNITY_ENABLE_REFLECTION_BUFFERS UNITY_NO_SCREENSPACE_SHADOWS UNITY_PBS_USE_BRDF3 SHADER_API_DESKTOP UNITY_LIGHTMAP_FULL_HDR ok=1
Cmd: compileSnippet
  api=4 type=0 insize=2364 outsize=1686 kw=_ADDITIONAL_LIGHTS _ALPHAPREMULTIPLY_ON _ADDITIONAL_LIGHT_SHADOWS _MIXED_LIGHTING_SUBTRACTIVE pd=UNITY_ENABLE_REFLECTION_BUFFERS UNITY_NO_SCREENSPACE_SHADOWS UNITY_PBS_USE_BRDF3 SHADER_API_DESKTOP UNITY_LIGHTMAP_FULL_HDR ok=1
Cmd: compileSnippet
  api=4 type=1 insize=2364 outsize=3662 kw=_NORMALMAP _METALLICSPECGLOSSMAP _MIXED_LIGHTING_SUBTRACTIVE pd=UNITY_ENABLE_REFLECTION_BUFFERS UNITY_NO_SCREENSPACE_SHADOWS UNITY_PBS_USE_BRDF3 SHADER_API_DESKTOP UNITY_LIGHTMAP_FULL_HDR ok=1
Cmd: compileSnippet
  api=4 type=1 insize=2364 outsize=6038 kw=_MAIN_LIGHT_SHADOWS _MAIN_LIGHT_SHADOWS_CASCADE _ADDITIONAL_LIGHTS _METALLICSPECGLOSSMAP _ADDITIONAL_LIGHT_SHADOWS _MIXED_LIGHTING_SUBTRACTIVE pd=UNITY_ENABLE_REFLECTION_BUFFERS UNITY_NO_SCREENSPACE_SHADOWS UNITY_PBS_USE_BRDF3 SHADER_API_DESKTOP UNITY_LIGHTMAP_FULL_HDR ok=1
Cmd: compileSnippet
  api=4 type=1 insize=2364 outsize=7502 kw=_MAIN_LIGHT_SHADOWS _MAIN_LIGHT_SHADOWS_CASCADE _SHADOWS_SOFT _ADDITIONAL_LIGHTS _METALLICSPECGLOSSMAP pd=UNITY_ENABLE_REFLECTION_BUFFERS UNITY_NO_SCREENSPACE_SHADOWS UNITY_PBS_USE_BRDF3 SHADER_API_DESKTOP UNITY_LIGHTMAP_FULL_HDR ok=1
Cmd: compileSnippet
  api=4 type=1 insize=2364 outsize=5314 kw=_MAIN_LIGHT_SHADOWS _MAIN_LIGHT_SHADOWS_CASCADE _ADDITIONAL_LIGHTS _METALLICSPECGLOSSMAP pd=UNITY_ENABLE_REFLECTION_BUFFERS UNITY_NO_SCREENSPACE_SHADOWS UNITY_PBS_USE_BRDF3 SHADER_API_DESKTOP UNITY_LIGHTMAP_FULL_HDR ok=1
Cmd: compileSnippet
  api=4 type=1 insize=2364 outsize=3802 kw=_MAIN_LIGHT_SHADOWS _MAIN_LIGHT_SHADOWS_CASCADE _METALLICSPECGLOSSMAP _MIXED_LIGHTING_SUBTRACTIVE pd=UNITY_ENABLE_REFLECTION_BUFFERS UNITY_NO_SCREENSPACE_SHADOWS UNITY_PBS_USE_BRDF3 SHADER_API_DESKTOP UNITY_LIGHTMAP_FULL_HDR ok=1
Cmd: compileSnippet
  api=4 type=1 insize=2364 outsize=9534 kw=_MAIN_LIGHT_SHADOWS _SHADOWS_SOFT _ADDITIONAL_LIGHTS _METALLICSPECGLOSSMAP _ADDITIONAL_LIGHT_SHADOWS pd=UNITY_ENABLE_REFLECTION_BUFFERS UNITY_NO_SCREENSPACE_SHADOWS UNITY_PBS_USE_BRDF3 SHADER_API_DESKTOP UNITY_LIGHTMAP_FULL_HDR ok=1
Cmd: compileSnippet
  api=4 type=1 insize=2364 outsize=6958 kw=_MAIN_LIGHT_SHADOWS _SHADOWS_SOFT _ADDITIONAL_LIGHTS _METALLICSPECGLOSSMAP _MIXED_LIGHTING_SUBTRACTIVE pd=UNITY_ENABLE_REFLECTION_BUFFERS UNITY_NO_SCREENSPACE_SHADOWS UNITY_PBS_USE_BRDF3 SHADER_API_DESKTOP UNITY_LIGHTMAP_FULL_HDR ok=1
Cmd: compileSnippet
  api=4 type=1 insize=2364 outsize=5894 kw=_MAIN_LIGHT_SHADOWS _ADDITIONAL_LIGHTS _NORMALMAP _METALLICSPECGLOSSMAP _OCCLUSIONMAP _MIXED_LIGHTING_SUBTRACTIVE pd=UNITY_ENABLE_REFLECTION_BUFFERS UNITY_NO_SCREENSPACE_SHADOWS UNITY_PBS_USE_BRDF3 SHADER_API_DESKTOP UNITY_LIGHTMAP_FULL_HDR ok=1
Cmd: compileSnippet
  api=4 type=1 insize=2364 outsize=6322 kw=_MAIN_LIGHT_SHADOWS _SHADOWS_SOFT _NORMALMAP _METALLICSPECGLOSSMAP _OCCLUSIONMAP pd=UNITY_ENABLE_REFLECTION_BUFFERS UNITY_NO_SCREENSPACE_SHADOWS UNITY_PBS_USE_BRDF3 SHADER_API_DESKTOP UNITY_LIGHTMAP_FULL_HDR ok=1
Cmd: compileSnippet
  api=4 type=1 insize=2364 outsize=2934 kw=_MAIN_LIGHT_SHADOWS _ALPHAPREMULTIPLY_ON pd=UNITY_ENABLE_REFLECTION_BUFFERS UNITY_NO_SCREENSPACE_SHADOWS UNITY_PBS_USE_BRDF3 SHADER_API_DESKTOP UNITY_LIGHTMAP_FULL_HDR ok=1
Cmd: compileSnippet
  api=4 type=1 insize=2364 outsize=4934 kw=_ADDITIONAL_LIGHTS _ALPHAPREMULTIPLY_ON _ADDITIONAL_LIGHT_SHADOWS _MIXED_LIGHTING_SUBTRACTIVE pd=UNITY_ENABLE_REFLECTION_BUFFERS UNITY_NO_SCREENSPACE_SHADOWS UNITY_PBS_USE_BRDF3 SHADER_API_DESKTOP UNITY_LIGHTMAP_FULL_HDR ok=1
Cmd: compileSnippet
  api=4 type=1 insize=2364 outsize=5378 kw=_ADDITIONAL_LIGHTS _NORMALMAP _METALLICSPECGLOSSMAP _OCCLUSIONMAP pd=UNITY_ENABLE_REFLECTION_BUFFERS UNITY_NO_SCREENSPACE_SHADOWS UNITY_PBS_USE_BRDF3 SHADER_API_DESKTOP UNITY_LIGHTMAP_FULL_HDR ok=1
